500
0 3172 4178 3298 8023 2178 720 4634 9561 8022 6392 979 4020 1149 3792 7001 9007 5715 
1 812 2177 2190 6349 6037 4703 1997 3184 578 7760 1355 1071 3964 9709 4035 1956 
2 1602 7682 421 7847 1227 6336 2772 6414 2123 693 4683 4079 
3 2560 490 6653 2607 3596 5317 4402 1098 5048 3554 1467 8780 4100 2192 7179 6613 7997 
4 8460 1962 8717 3001 5950 5122 9301 1668 3394 3005 1339 8209 9543 4776 1498 8176 8151 7185 1409 5962 896 199 4314 2555 6613 5507 
5 3838 7006 2345 2248 5532 4720 6387 9459 6155 3438 8367 4705 6369 5748 8711 2422 9301 6327 5643 
6 8637 9364 9351 1834 4388 6529 9126 3886 6527 708 8167 4340 
7 7769 8762 2435 1024 8370 6236 2640 9539 3710 6896 4253 9844 321 
8 5393 7193 3812 4253 9997 780 8895 5155 2401 6011 7980 3535 1450 8586 5458 1590 8987 2240 3144 4909 321 2986 
9 2129 8999 336 4121 6449 1743 1830 8746 3643 7000 183 
10 8738 1272 9921 1626 5342 4651 7305 1105 1330 452 5596 6662 843 5940 4855 
11 
12 4622 9550 1849 5312 4347 7869 7907 7481 4288 7816 122 1752 2288 2962 2327 
13 2638 8453 6299 6656 728 5301 4500 6452 5907 9192 9569 5045 3051 5111 4855 8722 541 2986 1871 
14 5968 6281 3549 9400 9101 4004 3902 1011 616 3081 305 2431 3543 796 8693 
15 3883 3456 6027 1882 4380 4761 851 7977 9006 3058 3982 1774 8994 1668 
16 5245 6693 5522 4213 266 9156 2785 7947 759 3039 5029 1391 6621 8671 
17 3561 9263 5041 1666 1079 1927 6381 7332 7849 3996 4084 5496 7868 
18 362 7884 367 5010 2220 1572 1954 1077 6313 21 7641 5486 9602 3936 
19 518 6514 5416 7322 8703 7320 5083 9574 4076 9976 3261 1601 7787 6258 2962 8716 5340 
20 644 3615 2211 5363 5977 2834 3892 925 2426 3770 1699 4348 843 105 1668 
21 1770 2436 4042 8051 2431 3626 8511 3279 398 4107 1396 6385 6030 9139 3023 
22 
23 1711 7261 9932 4054 6337 1102 2931 2391 3625 3537 3524 9717 5553 7296 
24 5427 3419 961 3340 4176 4818 6992 992 6551 3597 1039 6945 6482 4352 6327 
25 8543 6231 7137 2845 7322 77 6993 7659 5893 5090 6801 1353 9357 5156 9244 7120 
26 3650 6639 3021 2690 5025 7533 1712 2908 4315 6595 4619 9107 4679 1524 5064 5962 
27 2161 5794 7525 6918 9529 7929 4560 1664 1139 8735 9403 3117 7036 1341 2072 8495 6778 7296 7652 
28 8605 3152 9133 5708 3388 6675 3721 718 1777 3854 9615 7073 4449 3104 2589 9968 5412 9244 
29 7540 9459 6881 268 8057 2787 9526 1531 6063 5022 79 6913 4377 863 9968 6938 5064 8387 
30 1142 4786 5693 5143 9004 4892 7279 6115 5204 4501 8515 7566 898 7891 569 3835 8212 5962 2 
31 5741 3121 5275 2636 4973 8716 1295 7561 2279 5596 1436 1673 3316 9834 2555 
32 372 1158 1839 1407 6952 8811 664 7687 4279 3714 238 2240 8125 
33 7986 155 537 7279 3991 2760 9351 2395 5812 4415 2418 7713 9144 3106 7736 9199 9301 4311 
34 4859 3918 1035 3048 2103 2653 3747 7454 5220 9627 5760 5413 9327 5434 3795 9199 79 
35 8674 4353 4296 5952 9593 9991 2404 5992 1658 7461 5703 6673 9909 8609 6584 2962 569 
36 3501 2107 5179 8084 107 4224 6925 8263 6721 254 2491 2920 5125 7968 2790 935 9160 9968 
37 499 1804 5667 3747 418 247 146 7045 2034 8343 2037 7392 8224 3316 4399 8134 569 8406 
38 5504 1536 3471 6675 7582 3624 3926 7313 7792 611 2264 1236 1546 8618 5053 6692 
39 2879 9132 4140 2671 3015 9785 4462 9072 6502 7498 3946 1036 8439 2240 1774 6258 
40 1827 5750 2400 102 1149 6121 7956 6225 8374 7838 8131 5504 5322 6134 5219 8994 
41 
42 4224 3311 8861 4306 52 1942 5426 8469 1611 5416 842 7720 9301 1343 3022 
43 1201 9923 6412 5519 8349 9862 4553 6829 3301 7552 7072 9848 7709 6258 4855 8491 7949 
44 720 9511 7800 1280 4835 7386 7986 8961 2210 6344 9659 842 1625 8062 6547 8470 5219 
45 7885 4429 8263 3320 2235 7123 3125 5728 6052 9387 3741 3100 4304 5807 7586 6270 5340 7949 5962 
46 9367 6135 7910 5251 7749 60 3775 8635 1977 3365 7969 847 9125 
47 3150 9132 7593 1943 2284 3078 5912 8738 7837 289 1209 1476 7880 9139 
48 2512 833 2054 3227 4051 9340 1093 8610 2701 3657 1696 8259 6095 2128 3673 5775 8994 9968 
49 720 4546 571 9063 9317 7389 8689 2621 28 7142 2335 9311 6020 7143 4102 7790 1560 1289 2240 4314 6134 
50 2033 372 329 8004 4230 2243 2722 643 4380 9023 2744 2991 259 4134 6101 7333 5860 4199 
51 9302 2736 141 8699 9016 5453 1768 1049 7485 5350 2341 4084 660 5748 6938 6030 
52 613 1274 2234 6950 6419 421 8240 8471 7972 8297 7101 2962 9244 
53 2676 9108 7865 859 1458 8535 1835 6020 7091 3694 279 7517 3164 6737 7699 447 3877 6635 6613 7852 6778 8470 6938 
54 2773 8593 1440 2012 6777 9821 1536 6926 2028 6112 8410 1259 895 9949 4222 935 
55 4684 6311 5592 915 2672 2217 1416 6918 3523 9468 4045 
56 9376 7909 1398 3819 2058 514 4704 8141 1536 141 859 1230 8008 7880 352 9533 
57 8163 2771 4675 1627 82 6978 2281 4629 1558 8911 566 3374 6445 4171 4714 1476 1979 7782 8994 3894 
58 5422 4327 2336 8 2584 2704 963 8291 8163 8685 
59 3904 9558 4741 5406 3644 8840 4391 9825 1366 5609 8963 9222 5483 1699 3012 1611 4035 2340 2 6101 
60 8937 4586 4345 1145 4552 4217 6478 8278 727 4124 1346 9943 4951 135 8470 5869 
61 765 8432 4225 3764 895 2979 1435 8142 8728 4654 4388 7856 7842 1670 412 6538 1429 4314 6547 3894 
62 4319 6395 7306 7185 1548 563 8758 4031 7181 165 4035 2240 427 2892 
63 4728 8828 8789 3123 8298 5538 472 8434 3579 5257 1973 9216 3784 5341 79 
64 1335 9044 491 1403 2635 8931 2267 7897 9275 8929 
65 1239 2213 5557 9931 9127 4579 4607 6547 5308 3691 8520 6516 3023 
66 3059 2263 8889 940 5906 6398 8882 6548 7931 9239 301 9955 5869 
67 6154 8976 6312 788 1935 5748 268 3926 2611 967 4425 6468 4450 1142 2847 7296 
68 1164 3643 9527 7125 1078 5825 5738 7582 4310 3594 438 1682 6534 
69 6547 9592 417 2614 8170 6282 3153 4648 6257 7317 5798 9777 9693 8506 5099 4341 979 
70 8467 7228 2699 7947 1107 3710 8035 6184 624 7077 4909 5637 7457 
71 3977 5899 8480 1577 7234 5228 6695 9887 8652 435 8045 6552 8775 9245 7049 6324 5412 
72 
73 3751 4653 2263 7733 8665 6287 9462 5062 1180 603 8972 7787 7485 2349 6021 7699 6547 5064 412 7762 7219 
74 757 5326 242 6027 9305 6686 1020 7556 9241 7307 3896 3543 9347 9533 3982 
75 
76 625 4292 6211 1757 7734 7702 403 9492 5573 7191 5224 2239 2735 3543 3830 6482 7153 4020 935 2240 
77 3745 5737 7923 6005 3390 3418 2622 4981 1702 1757 1984 6404 7517 5219 7438 
78 2566 6577 2127 273 661 4287 9781 9318 5060 8092 3233 6046 6986 1625 6537 4377 8125 
79 6542 2509 4344 2902 4496 5329 7121 7937 8710 5130 2184 395 8140 3074 
80 955 9244 3370 3376 6646 8786 1345 8897 4490 5676 9414 9640 5179 8372 847 8711 3012 
81 8311 9505 8925 3864 9282 3776 7361 6825 7534 2240 9970 6358 9676 3741 9168 5797 8268 9138 9129 
82 3535 7362 4223 9444 340 2393 5752 7504 1345 7453 3682 854 3788 6717 5961 1105 4400 8406 2155 
83 847 3558 3467 6863 9140 4060 8405 8626 3598 1786 4092 4507 1657 2670 4071 2643 7240 8220 6014 9139 7762 
84 3119 6691 4734 7804 5727 4026 7668 1453 4241 3793 4755 9957 9301 5962 979 7883 321 
85 5152 8303 5345 9757 8600 482 4925 4333 2810 4350 2672 2127 6207 1213 5767 858 1066 3937 7806 1105 2643 
86 736 868 6123 3776 2227 5986 5504 9123 8727 1919 5386 7906 731 2240 1429 3006 4352 5412 3074 
87 2622 2215 8006 6494 6319 4923 6044 7155 3720 8798 6240 4575 3285 8841 3243 5307 7968 8183 9007 1534 
88 524 8353 4505 1683 428 5556 4959 5044 7087 8021 4846 906 2486 5862 496 2121 2288 
89 2497 6054 9676 9235 1940 5391 2468 8164 966 2777 3133 7744 
90 
91 8193 5836 949 6837 2275 1136 2037 7786 4783 188 6342 7440 6816 8041 4151 7289 4531 9139 5848 
92 1179 6541 9815 9624 7584 452 5529 8977 7933 9479 8092 4196 9892 847 6635 2240 
93 1161 6717 8880 2515 1170 6341 2466 8680 9703 9413 2710 5533 4340 6458 9007 8043 8716 
94 3035 8384 2233 2182 4381 2967 9128 9344 924 4178 3054 183 7883 5458 8423 9545 4326 7949 
95 
96 6640 3051 648 6116 5384 5546 2357 2683 9018 4132 1917 7008 5087 6888 838 3877 
97 2939 7775 1698 4445 9295 4644 6084 9270 5030 6941 2836 3677 4903 6538 2128 6054 2898 
98 8305 3095 4463 9330 4477 3557 4754 6010 9332 6960 6852 5536 7116 5840 3012 447 
99 3807 4209 9710 6003 6320 6339 1617 8346 4177 670 4859 9139 9025 2155 5099 4314 
100 6624 4780 6273 6691 8675 1021 2520 4594 8693 9545 7204 9160 3117 8883 3877 9842 
101 7447 120 270 5766 3447 5517 8989 7684 5442 8281 1801 7955 2902 9301 6545 4352 
102 4580 62 8090 4996 6686 5902 4279 656 7591 5479 6448 4923 7290 745 6258 
103 
104 3376 8510 4906 3502 8583 2583 2465 3241 8921 2546 7865 6270 7713 2457 8445 5639 5304 1289 8008 7795 9007 1668 
105 5280 760 5884 9040 7228 8170 3330 7116 4126 2696 8770 6608 2628 1865 3648 4493 3842 8797 7285 7429 1145 6101 6613 9903 
106 6208 5499 9641 3275 2822 6830 4593 827 2794 843 3393 5848 
107 3664 4968 8678 554 3188 9688 4363 9318 3632 3046 2150 4786 6903 7842 5677 7759 1774 
108 5407 1327 4542 30 3353 7721 8753 3084 9876 9856 9977 9271 6875 7252 6534 8212 5219 5762 
109 6636 3902 8674 3637 4015 8057 9130 1060 3744 6325 2480 9908 4749 2128 5715 9007 
110 1686 7355 9111 5754 8714 1049 9584 8296 9194 5293 2744 2391 2441 1912 
111 3294 7841 711 4778 9146 2634 7535 3238 4174 3954 7709 2962 3894 
112 132 6560 5749 9316 5220 3217 8577 8002 7213 7013 9522 4352 6523 6619 2121 9968 79 5748 
113 8080 9722 1611 5339 1477 6192 1439 9675 2663 4875 4928 4720 2294 7240 8751 1501 1668 
114 8234 6324 7833 5494 3182 6748 653 3037 3454 8560 2152 9372 860 9955 5053 4539 2121 5507 4340 2 979 
115 
116 
117 1336 583 847 8786 6554 468 8493 5115 2979 5386 6338 8424 7734 2730 2003 5295 1982 8481 935 9842 7296 
118 7317 1702 7420 7624 7346 7639 1662 1516 8975 1195 2 6458 4664 3758 3894 2773 
119 7321 1721 8913 5624 8272 5456 5013 2583 3087 9156 84 5564 6584 
120 4986 3755 2796 782 5283 7663 9781 643 6572 9804 9296 4474 7740 2943 
121 2017 4243 9172 4414 667 1551 2871 4995 179 6187 3316 9032 7563 5086 1174 2553 2662 9991 2003 9712 238 
122 7308 539 7925 6012 4786 6578 5435 6384 9823 8891 9463 9573 1904 3758 8830 412 4234 
123 304 6879 5508 5867 8749 5154 66 5933 9254 740 6865 4966 
124 5636 8615 1028 1348 5400 5373 6684 8341 2838 9133 229 715 6280 5762 5307 8512 3783 8134 1534 199 3836 
125 7233 5548 8861 7629 9172 3333 1571 246 4420 2484 3264 1058 1072 552 4515 3103 5445 6101 9545 
126 4888 7358 9695 605 5755 7127 4880 6327 3516 3524 5718 8439 5913 9197 7709 9533 7652 
127 4247 4007 5744 4961 2727 6831 2785 2342 4580 5157 9273 8267 4170 1668 5097 6613 
128 8827 8131 4937 8119 1805 8797 6971 3376 3543 3645 7001 4383 1958 7883 3732 5334 4352 
129 6013 6698 6938 4604 1742 7254 3391 1180 7392 2087 4787 6278 3575 1262 5260 9520 7630 2 1979 
130 8361 9283 2909 9292 4609 1340 4559 1102 7242 2620 4241 5292 1328 
131 3510 5804 6601 5155 3336 7480 5831 7 5126 4260 8887 8903 6382 8362 5654 1299 8055 8423 5531 1496 719 3894 
132 
133 
134 3214 9972 4650 2081 3535 7074 9015 5842 1309 4150 3982 1763 352 
135 9169 364 1359 389 786 7880 5468 8476 5603 6229 6771 9906 6623 523 3877 6938 
136 
137 7870 7559 8807 4739 8213 7816 7196 663 4938 919 8462 1248 8293 6613 
138 7144 8982 3338 1153 5855 2300 7903 381 3658 6902 4107 9197 9270 2986 
139 1767 8699 4908 7811 8758 5481 2319 1323 868 4148 2802 7010 3700 2198 7088 7710 5848 
140 400 3806 6242 2751 1157 2835 7066 8159 1175 3065 5155 5245 2760 8838 9178 6327 
141 8744 2896 3018 1625 3709 9478 5353 6680 5553 4644 8984 2032 7285 2121 7055 4824 8722 3371 6067 2340 5715 7120 427 
142 3057 7883 7601 6890 8052 2359 9593 7902 8174 5373 6090 5034 1633 1770 3586 
143 673 2404 9576 4181 9056 6355 6606 8898 3683 6615 3365 9039 4149 5381 8387 7652 
144 794 2169 580 8074 5075 8677 2802 6653 122 9714 2518 3468 6405 4289 2704 7997 3894 
145 6739 3383 8329 5941 5469 7327 1383 3232 1785 4552 3388 5840 2422 566 2537 4004 9615 6692 4985 9007 3830 
146 3665 3077 7799 2817 7839 6112 9766 3084 9676 2918 7686 5779 4558 3012 6613 
147 5282 6931 6216 4531 3885 4065 7674 4843 6744 465 9692 5370 5693 1182 7102 1264 9205 8418 9990 5340 
148 3683 1276 7181 6516 2531 3712 601 2096 3023 2718 2030 3662 4975 4804 4971 6899 745 7153 2 3074 
149 6420 4416 5389 8274 6985 5801 5302 6152 2155 4362 5879 682 6676 2986 2818 6537 7759 
150 7510 3288 1793 7909 9331 1387 1410 220 741 5589 6320 7162 4399 1668 
151 5659 1618 7249 8773 8176 3192 616 5247 7257 1304 2439 3696 9114 979 
152 6555 294 1597 9420 376 2051 727 1359 5107 7200 575 3981 5848 7153 6547 
153 2938 2741 5754 8425 3401 2191 3291 8951 1402 7885 5852 4769 3783 9013 
154 
155 8486 2302 7940 5371 5873 3462 7603 3883 5431 4899 4517 4528 9139 
156 4032 3262 4867 8815 5382 1565 8063 4988 3373 4377 8994 
157 9196 2958 5121 6899 6961 482 2574 6267 5952 763 8040 7050 518 9244 6982 
158 2308 5509 5151 8785 322 6936 3702 5210 3951 9765 8431 3012 321 
159 8722 1573 9784 6464 6030 9737 2967 4153 9546 1898 4970 3164 329 7367 979 
160 1708 5676 8568 5504 6260 7314 2533 2950 1120 6522 4920 9611 5166 4222 8858 6258 2643 2555 2986 
161 2160 7922 8483 8967 6385 3865 7343 1417 2936 1789 4777 2559 8406 5292 4622 3700 267 1348 6547 7652 9545 2962 2986 
162 3256 2913 36 9321 4490 6148 7381 9008 8446 4031 9970 2740 7652 3836 2555 
163 6060 8162 3689 8916 7804 9832 9808 6150 4852 2151 7755 9168 7413 
164 3481 5611 605 3356 2848 5743 3505 1293 3439 2684 8540 7883 9404 
165 3581 6503 3820 9333 6269 4941 9674 1522 2781 2426 6601 3493 4191 844 9144 4780 8580 4071 9129 3758 
166 9161 854 6143 5359 1014 1841 4463 6493 3324 6159 9969 4828 8722 4129 8125 8387 
167 2401 8594 9546 2215 382 4255 3714 8823 3929 7284 2403 5198 385 221 3584 1774 7296 7438 3982 
168 956 8747 9295 3119 4258 538 2100 6715 1622 3251 49 7551 3803 9635 5632 6924 4709 1091 2892 5412 447 5880 
169 8943 9224 6676 765 139 7967 4292 3702 7567 9075 5803 2695 1113 4784 9129 3064 2643 5580 6258 2773 6692 4377 
170 3152 1081 1940 7961 948 2998 8986 8240 237 5527 8764 8028 4567 2407 4760 1984 
171 5825 7028 6757 5360 7298 220 3344 9705 7360 4528 6485 979 6672 
172 592 9774 5666 5881 4444 3885 175 6862 5982 8765 4350 9110 6768 2554 3755 5762 6797 8125 9199 
173 8363 9014 5683 7642 1230 7949 7701 773 1703 2551 5054 5860 3703 8498 79 
174 8544 1622 9499 5405 2547 4159 329 4334 8708 2194 1488 5245 7467 4311 4909 7880 7652 
175 8099 6507 6362 2803 2879 27 2113 3748 5909 8658 3481 4542 5926 3134 321 238 
176 9885 9643 4524 5166 6848 2536 5032 7935 2701 6952 6482 6141 2209 7709 9023 367 3936 321 9842 
177 8683 3209 2061 1982 6738 9622 1532 2797 8979 1454 3543 3836 2327 3012 8994 
178 932 674 9764 1835 8994 2820 4225 7927 3370 1151 389 5688 496 7736 5412 
179 2934 5548 2074 9696 3111 963 77 3018 4647 3061 1354 8275 8150 8752 7426 6317 2486 6014 3207 6258 4457 3543 1534 
180 706 1146 9700 4018 4837 8208 8507 1407 600 8893 7790 1216 4035 1289 
181 8498 1282 8960 9215 4446 7556 5307 2047 3180 1668 9714 2960 1762 7815 7290 3835 6785 1058 9301 
182 7044 4827 6379 699 6808 7227 4133 5168 989 6078 5990 3752 4786 780 5412 979 
183 2804 1215 1555 4294 2992 5429 3338 69 645 6938 2587 2291 5548 9290 1343 979 
184 2549 8766 6134 5779 5176 3540 4805 8350 5634 2425 2437 3385 7754 4567 3894 6675 4314 1299 1984 7732 1668 
185 1964 725 1077 5691 277 6674 2110 4000 4018 7732 7285 412 
186 5601 493 4081 3720 6218 6718 5609 6269 4685 9459 5410 6131 5492 2904 3074 9848 3012 
187 5430 4183 1114 2472 6545 2722 9955 1350 6000 7746 6453 9120 4004 427 2327 9404 4679 
188 1838 6166 6794 8302 3163 5675 9300 1420 5139 5322 427 8293 
189 
190 8098 951 6374 6993 8269 9582 7684 9398 4822 5231 7409 3086 779 9628 8177 9187 8235 9374 8462 1984 7280 
191 4187 2798 490 2930 5828 8548 8040 6665 5575 6360 9470 2538 7713 
192 6974 6607 7026 1657 4304 5871 551 8609 3542 7041 5667 5195 7120 5239 6613 6938 7762 
193 5525 6428 7617 1352 6429 9389 5610 5013 6275 7043 3648 4457 3089 8005 321 
194 3077 6320 5805 4512 8231 4230 4696 8212 6537 7936 4636 1210 739 6519 7217 5445 3528 1858 3877 
195 6144 1170 7245 718 3426 618 8659 5705 6616 992 3077 5390 1609 6404 2735 5322 2565 9903 
196 5972 9512 3987 3537 7601 645 3988 7434 2892 9381 6550 7683 1144 5280 2390 1129 3665 8116 321 
197 2687 9935 3857 4909 7453 832 2258 1348 6433 7049 6920 5869 8125 9244 
198 2124 1989 7213 5914 4987 4908 340 8444 3492 1638 1831 
199 
200 5388 6609 7269 2164 9637 6972 7043 5805 8372 7602 9523 4134 6827 427 935 9007 79 7652 6938 2555 
201 4225 9637 7281 7977 4556 243 6170 6178 9451 239 9740 1666 36 1455 8277 457 4639 6258 7699 1343 9007 
202 8113 6423 7888 5883 799 1708 6608 2759 5331 1569 3581 2283 1265 6359 4284 5446 2475 1934 8062 
203 4841 5607 4878 7348 3867 5660 8744 9988 4992 3215 4684 9943 7906 4216 7456 
204 6227 608 1189 7318 3114 6036 5272 8463 7088 6412 8616 8293 9842 8387 
205 7567 2007 4761 2732 7774 3100 5108 1163 7663 9880 3885 6608 5437 
206 812 5581 3943 1391 8861 4013 8642 3995 8824 5605 6830 6613 
207 535 8949 2547 2996 6858 1362 9330 2699 8687 9707 6271 8834 2630 8209 5880 7153 745 
208 6332 6854 9256 7823 5566 4256 6640 7762 8967 4248 705 8008 210 7904 1323 9573 9615 7285 8812 8130 2327 838 
209 5462 287 7741 2887 6318 2553 7650 9095 7074 7314 9014 4314 
210 9108 9140 3937 2536 8331 9701 3680 243 4434 9161 9259 9107 1058 745 2685 6584 
211 6338 1927 7638 7307 3595 6331 3394 5782 5481 6192 9323 8491 6938 
212 6723 5730 8803 8983 4624 3202 4633 3132 5080 4237 9049 3736 1625 
213 
214 
215 
216 2291 1663 3270 2225 2191 547 9747 8453 546 8715 9600 8227 9160 2052 6547 148 
217 1111 5395 9388 9997 8434 7014 2724 1164 9565 571 9874 625 3561 494 1871 79 1979 9129 
218 8542 9034 5055 493 421 6878 7155 8440 550 7254 4901 1396 3602 2643 8498 
219 
220 8899 9395 7192 9283 2035 2326 9188 5232 7246 8247 2381 4709 6712 369 7586 5762 
221 3404 3363 3126 2109 2197 7884 5797 2396 3230 2385 2796 2404 41 4884 7267 4199 5064 6827 
222 3735 9219 2886 1820 9058 2877 3081 2001 4120 1065 838 205 4977 141 7949 8043 352 
223 9388 1391 7411 1197 5476 8305 789 8392 7394 1067 879 8855 7602 4346 8406 
224 1893 5073 5549 6626 7393 5301 9237 2421 379 7396 7280 3584 6465 4985 6613 
225 2830 1349 3923 4079 1205 5070 1796 9833 6948 338 2668 8445 3935 2175 
226 738 3565 1383 8922 7296 463 4097 9387 1854 8019 6824 3207 9137 8489 5853 3543 3074 
227 3227 9676 3958 9989 3151 4173 7878 8740 5336 2242 3629 1505 6262 3753 
228 5630 8358 7398 498 8718 8522 7546 511 913 8940 850 5752 8830 9013 
229 8994 1909 7040 8817 8052 1276 6903 3373 7938 6414 7940 7837 6698 6030 6938 
230 3484 920 4987 7072 1356 200 484 4246 1129 2971 5166 3839 3195 697 9007 6014 2128 9615 9842 
231 6565 2346 7383 1640 1332 7921 445 7611 6985 7723 7575 1581 6550 3541 3543 9842 
232 4835 9878 8514 8715 9197 4266 7453 315 8894 9415 2734 131 8104 352 1934 2340 
233 4147 5958 9255 2495 3789 9248 2343 9823 6281 7638 6873 8869 652 7694 935 84 9224 9453 
234 2746 5193 316 4073 2868 5895 6502 8042 6572 3247 8998 4660 1929 6351 1668 6635 9461 2630 935 
235 4659 3871 2780 7577 9065 4320 7923 7310 2672 1217 4870 8908 9518 8922 4314 7997 
236 
237 5388 3828 9192 2882 7328 6072 2314 844 2732 1252 7549 3665 3982 6467 
238 2432 8836 1194 3597 7491 1324 210 7839 2128 7256 371 9995 6944 8498 7123 2304 8910 6101 1668 
239 5929 8990 8750 1495 448 4579 5474 8040 6723 300 2102 2252 5715 8307 
240 
241 4158 4808 8900 3965 6560 1264 7373 4503 4999 5608 3669 9211 7429 3681 3877 7902 9842 79 5340 
242 3172 6402 8953 8000 9646 3019 868 9291 3608 7881 7261 6244 8830 
243 8010 213 3508 2313 2567 1328 8367 4349 4630 7787 8702 8834 4354 2240 5412 2288 
244 5584 1401 6496 2730 6364 8965 1991 8644 1172 4442 286 3946 8927 252 2199 3866 6576 7379 1343 6030 3144 79 
245 8808 6509 7516 3450 282 6825 7078 8682 2415 1980 1855 1273 2818 7055 5869 
246 2119 5296 1040 3667 8831 5917 6260 2183 2521 3024 5403 5500 1708 1774 8284 3586 3074 
247 8785 3336 6172 9315 4939 2275 9601 2617 9473 5812 1666 9510 
248 7248 288 2562 1732 5983 3670 2504 3962 205 1625 9968 4340 2904 3012 412 
249 2274 5549 3135 3837 1682 8361 1571 7395 1391 5334 1276 9988 3169 9356 1790 8152 2559 1512 4045 9199 
250 6594 3358 9453 1348 9526 8632 7732 858 5125 5332 3427 7841 3676 4240 
251 357 8188 4284 6562 8595 7240 3140 4293 2939 8032 9702 8958 6836 5340 
252 2981 5835 1850 8125 638 9133 4635 9011 3132 9436 6545 215 6042 7979 3596 8528 321 3982 
253 7495 5663 5112 2494 325 7021 6105 5675 850 3263 9969 3620 5446 1036 9461 9623 2155 427 8104 
254 72 2272 4140 4597 3548 7339 9215 7501 1202 5698 7413 1405 7267 2986 
255 1063 4591 3086 5287 2431 7009 1850 9371 2175 9481 533 4448 9522 457 745 183 
256 8298 2586 1763 9537 3292 440 3825 7156 5459 5057 3961 6300 5451 
257 9831 4550 5389 368 7659 6698 6147 2157 5776 9187 4793 998 3163 2322 3894 4985 2128 7413 
258 
259 
260 7718 9798 6507 3649 8221 6381 9146 49 9448 9878 3706 7797 2000 3894 1871 1496 9007 5507 
261 9321 6793 7216 3653 6181 1020 7357 2595 2444 3847 4222 4207 9283 9086 7355 847 6705 8907 3827 3111 
262 7484 4763 4849 4008 3794 4174 6958 2252 4537 1167 6054 6692 6258 7153 
263 6341 2640 5379 4180 3605 4041 339 725 3068 7251 9187 7698 7361 6855 6029 9139 8293 7883 4020 1238 9244 
264 1438 6928 539 6461 820 4253 9993 5773 7211 9442 8068 1344 2860 4056 5656 2288 5962 5715 
265 4496 9811 9634 3757 9 1537 8029 9874 3822 6810 7788 3429 2668 4539 
266 7105 3762 1676 8068 3894 9844 4936 1566 9393 5282 5206 4399 5469 3053 3393 3507 2555 7759 527 8812 2322 979 
267 6116 2735 6248 5201 9416 2421 2707 4215 1866 1697 5743 2240 4247 689 6251 2595 3032 8387 8832 5507 7153 2962 
268 2503 6027 5335 658 2993 5284 6667 1725 2702 8053 9007 
269 6563 4182 4172 915 8067 5495 1212 9188 6023 2799 6404 7438 935 
270 
271 5428 6586 3037 4421 3749 341 6647 2956 6362 7859 8343 6938 9129 
272 949 8457 8657 453 5777 3599 8970 63 8938 7138 6698 1716 9096 6354 3371 4199 
273 9502 6468 7265 8426 202 6334 5995 2703 3936 6254 418 3932 2630 1668 
274 6275 8980 8060 9342 4822 8753 9935 2262 3627 6068 3718 8252 1555 7899 3050 7575 
275 
276 4638 6189 3180 5690 7114 695 8030 4973 6011 1673 2441 8053 3832 5826 952 8069 1287 
277 7480 8923 5477 9226 7528 7442 5248 7081 7037 9970 5929 6527 7688 7699 8994 
278 
279 1309 8029 1436 7585 2261 5390 8274 3841 4961 5363 5856 8345 3509 9199 838 7413 4457 4909 6054 79 5412 
280 3789 5493 6597 7253 8275 1694 8134 9844 2715 9558 1645 6464 7063 4517 2409 8994 
281 6952 8040 4066 1485 1419 52 8170 4802 351 2038 9118 4962 6170 5715 8134 2555 3012 
282 4242 3586 657 1323 1177 578 828 8239 2586 4102 6167 5896 1031 6416 374 8130 1831 8495 
283 8714 4094 1777 5086 4712 4685 1176 8396 6490 6854 2842 7060 9010 5440 8188 6487 7219 
284 7797 8904 8954 5287 1348 5185 7660 8938 2328 1287 8200 8889 232 8891 5251 8662 8104 9461 1042 9968 2986 
285 9671 2120 4565 8175 989 4917 391 4590 3866 2144 898 3524 9199 1534 3758 
286 9725 2386 3973 5587 1302 8989 2372 2190 7570 3729 450 6465 412 2288 
287 9484 7527 1279 7435 9245 5023 7504 9047 9619 2663 2828 6967 673 397 4027 5762 9848 6296 
288 2296 8520 9262 1297 5127 175 827 6279 4340 4564 7575 7709 2240 4027 8491 7153 935 
289 5179 759 4671 3934 6581 5418 8542 7766 8716 790 8373 1656 46 489 8928 2643 4035 79 447 
290 
291 7792 8216 5209 4721 6547 4671 1443 4620 5247 2272 2109 221 3944 3533 673 5775 2114 7762 2555 
292 4461 3745 1175 3593 6794 3319 1681 7739 6734 8096 3417 7933 4129 1117 8130 9160 321 7699 
293 354 970 9732 9691 8682 2428 5826 6611 2896 4939 792 4208 7688 1916 5194 7133 
294 4326 6579 5085 761 2354 6681 7774 8785 6919 6573 2164 2169 4352 2155 
295 3693 827 8476 2214 2293 6790 3673 9014 9928 4089 4303 6547 5917 5754 5437 6296 
296 9204 2225 2365 4769 9960 7459 6456 1180 7672 9301 8078 8130 4941 1731 
297 
298 9835 8051 9602 2644 2580 3729 8803 6056 792 8816 3234 1880 3422 624 6953 4958 8722 2288 
299 293 946 9554 7261 8520 2688 4387 9733 4505 8014 4120 1299 6285 7413 2327 
300 2296 6522 5580 8288 243 8186 864 1723 8390 2892 148 8005 8994 
301 4558 7404 3840 6039 8851 7029 687 1208 847 2618 6094 4225 3395 7116 738 3344 5749 1534 6054 935 
302 2545 3442 7967 7635 8442 3180 696 8906 9741 7874 5810 5702 7012 8883 105 9533 8005 
303 6345 500 3318 1581 8241 6311 7773 3290 8863 8895 9982 8487 2340 979 
304 5520 9211 1762 794 1118 5769 3661 8510 5877 5384 3494 151 3856 9632 7549 732 1731 1752 4664 
305 5533 9529 5960 8944 9352 1705 8776 712 4382 1984 5218 711 5148 2263 9299 
306 7545 6851 4158 1571 4484 2492 7796 8196 2254 9953 9018 4941 2028 2892 9903 
307 9568 7424 4434 366 2458 1435 1509 4073 5846 2175 5445 6459 7795 6327 7762 9199 
308 3723 9184 1639 4393 5757 7362 5786 6335 3524 176 8814 9380 5477 5446 7057 7713 3074 1289 7652 3012 
309 
310 
311 2824 9001 4763 7215 2071 9167 1509 620 9920 7130 9431 3111 3074 1125 3316 
312 4508 5540 4071 3657 1981 7162 3048 9834 6300 37 1273 1693 1128 4223 1042 9555 
313 9867 3104 5589 5331 2256 6615 1938 9920 97 6134 1209 2397 2896 9044 9191 9260 4340 9903 2986 7652 
314 
315 5606 1171 1657 1495 3628 7135 9425 5575 2468 4949 3322 5993 2100 7481 4156 2693 325 4893 
316 4594 945 6109 4583 6743 6776 7038 3106 8199 196 4905 6374 4180 7575 5412 
317 
318 
319 7736 9823 3715 88 5738 676 3977 4055 9634 9204 1037 3005 8852 5448 4418 3203 5748 79 
320 1164 7827 6840 206 3536 1821 7155 5293 697 9878 7229 8706 1871 8145 6790 2962 6613 
321 6540 3153 4421 7426 7164 3229 2296 8701 1811 3192 5105 7004 6635 1557 2240 5286 2288 4901 7652 2962 7949 
322 4332 1914 1888 3297 2278 7454 1326 1767 1582 7451 5961 8387 3936 
323 8597 9711 41 5300 7060 5965 4124 4356 3182 8628 3432 7241 2264 2537 780 5458 1731 
324 3537 8581 301 4761 7734 3422 4242 2948 111 2769 4063 1934 4230 6458 7713 9007 1774 
325 2479 2548 2236 5764 8674 7340 6410 8436 374 7481 552 6492 
326 
327 8276 9954 1205 4111 5446 3688 5330 1949 5586 7641 9579 647 4558 3006 
328 3171 8629 9064 6017 7234 1841 9242 8774 3148 4619 6982 1981 5880 6827 
329 3980 5537 1678 66 350 9622 62 923 3195 2184 2643 2962 
330 
331 
332 6158 7843 1399 491 9178 1414 9990 6559 6425 7867 3080 7001 
333 3594 8779 2406 7956 2143 8650 8385 946 2100 2484 7664 7820 9029 7880 6986 
334 4186 2436 4934 5295 4787 9608 9674 6575 5887 2565 2116 6825 831 2721 8293 1668 3012 4314 
335 7409 8732 4270 6105 6507 6778 7747 7526 7351 6871 9147 9924 7606 7347 9192 1979 7688 5997 3377 5099 2986 6030 
336 2658 838 2201 4214 5271 601 6928 9846 768 6374 597 1369 6164 5500 8931 6810 7055 76 5307 2 6986 7153 7762 
337 
338 5447 1202 65 4478 7213 9362 7840 7604 857 865 4139 9640 3584 9565 1647 6014 5962 2962 8994 
339 7859 6717 91 7461 5290 6588 4949 4580 3246 7277 1479 6226 511 
340 2272 5534 3794 1075 78 6165 7447 1763 731 9184 6391 9954 2340 4269 4341 1134 2288 
341 
342 8851 9085 8898 5582 822 9571 5258 389 3910 4645 1968 9187 7831 8259 8116 
343 9657 2138 3867 7523 6948 6147 4186 6982 9807 9023 7233 3032 6608 3012 4352 
344 7885 9312 6713 3573 4901 6641 5639 476 9598 1231 5898 8467 3490 3536 5248 3513 5964 3758 3521 776 1534 1668 2327 6613 
345 
346 741 6063 5158 8264 9926 5621 5832 3174 6289 5390 8008 2870 2711 
347 3249 9079 7675 3506 2433 42 6115 4194 5089 3049 609 4335 5572 2155 3936 7949 
348 9859 7248 8594 4562 7377 4851 3307 6467 4797 779 4259 1267 133 4749 7240 
349 4086 8081 4674 6095 7741 6413 4522 2867 88 9930 6144 6203 1708 8762 6861 2349 6151 6434 5674 5880 3936 
350 632 5686 4448 9833 3469 3835 6633 9391 5093 6389 5064 7652 
351 1740 3681 513 1052 8136 1824 3745 4612 4736 5693 218 1394 5839 8781 5743 2670 8671 6101 9968 321 
352 578 8882 9968 9172 1275 7836 2828 4548 6385 4774 2617 7648 6940 8233 7948 2030 5270 1557 310 4286 8043 
353 2987 8882 828 8319 744 4284 8310 6467 8837 4664 8140 6137 6 3277 4737 9478 7893 3630 4345 9689 7438 3936 4400 4199 8406 321 
354 5660 1693 9577 8718 5962 3944 4773 529 1732 6527 6020 7833 1287 7012 205 9533 3144 
355 
356 4151 917 9597 5666 907 3784 8743 8898 3373 6530 2894 2651 4326 3599 3384 7429 
357 7086 1226 6434 2229 4553 1071 2825 6439 9820 3262 4117 7180 8683 3163 7756 412 
358 6964 3961 5036 96 3824 1044 5466 3542 3005 8768 4066 8722 9265 5917 246 545 3004 3836 447 
359 2125 8964 8308 7413 8850 416 877 6934 17 1442 364 8131 1641 6986 6170 5848 
360 6195 5897 5895 1617 7451 9843 2090 2019 2412 6828 1169 8358 4499 5740 4258 7652 6030 
361 5503 9768 4924 6752 2872 731 8942 9834 7663 9085 1580 4948 4255 2523 2910 4491 1668 
362 9266 2844 9570 4963 5097 910 9347 5185 4266 5702 7683 3632 8429 6532 1771 8423 259 7762 
363 1540 5779 8258 3525 8227 3644 3478 9833 9295 2743 2413 6101 9777 4985 6258 1043 8193 
364 9317 8972 89 1236 6133 4998 524 3486 7772 1091 1471 5221 8092 1646 3113 6920 979 
365 3634 1467 8780 6295 6164 669 6053 4677 9028 5662 9116 9872 3827 5710 670 8140 5340 4901 427 321 
366 8609 1657 1070 7350 7302 5032 7744 5915 3853 2699 6908 139 7991 8765 889 8492 9224 3465 6201 4526 
367 9862 1219 4059 7680 5683 864 2045 4754 7912 221 780 7240 7699 5412 
368 
369 8464 2803 611 5029 3635 291 3167 8289 3025 8469 2461 9464 
370 29 2780 1650 1548 5005 2369 7301 8440 6002 450 670 
371 3536 6823 1789 7962 2455 7916 1333 7205 2028 44 2668 9461 
372 8739 2745 70 10 6175 2176 7304 4257 5379 7114 3132 2657 8784 5710 8910 321 
373 8443 1710 7974 7087 8390 8081 5966 699 1313 4624 5306 5251 9683 372 5830 6996 79 
374 694 1682 860 4595 4013 1091 4781 4545 5735 7693 538 5508 7133 8498 
375 7231 6872 220 8159 5003 8249 11 2467 9576 1890 8069 6492 3964 2340 
376 550 2485 9389 2963 6357 6953 4148 9617 6186 1383 926 4914 8722 6049 8491 3894 
377 8501 650 8734 1586 7118 8276 5568 1899 4456 1391 7641 979 8062 6547 
378 1451 6546 7938 154 5402 8664 3008 8257 8618 7066 1682 4015 9483 6778 8711 
379 
380 2730 1342 9440 3392 9372 3031 4693 1565 3014 8689 6889 2704 5715 3894 
381 227 4382 919 741 852 9487 5639 761 7742 7827 8892 3668 2158 5702 5726 2666 3877 5715 7438 
382 9215 6925 1327 6905 3829 5100 7899 1212 5697 4298 6672 5810 3381 4931 5437 2962 
383 4128 5672 4308 1423 8084 116 1762 9313 3386 2223 6543 3622 644 4539 6082 1063 3784 
384 734 8297 3125 8416 8587 4871 6149 4198 1501 3158 7725 2553 849 8014 7239 5755 3836 1871 935 
385 5885 7676 7169 9941 2206 3747 463 9074 8085 5008 8393 2790 2962 
386 7232 2263 2900 4462 1761 6546 276 935 5543 9020 5492 6494 6271 3977 708 3269 3584 7762 
387 5429 16 8722 9933 1648 2673 3726 6665 6811 754 6519 3717 2263 4819 8069 6351 1956 5980 7153 
388 457 20 5119 2297 1836 331 9622 449 2058 5818 5973 2732 2962 527 9968 2240 4079 9533 7153 
389 
390 4808 5141 4086 9423 5972 272 8846 9675 7383 7967 3072 3236 1956 4985 9404 8125 
391 5690 686 1195 7251 538 550 1466 4143 8898 4732 9887 4828 19 4345 3026 7740 7791 3074 4326 
392 
393 5710 8960 5941 1834 3252 1977 3551 7808 6903 8346 2676 2699 7569 4971 745 5326 1670 979 3894 2 427 3982 
394 
395 8357 7112 8822 3308 1634 4892 6645 4549 2882 3111 182 1091 5177 7968 321 
396 783 8186 8779 4517 8457 1444 1127 6913 6292 6302 7201 7101 4244 
397 5816 4716 3563 2077 884 265 7779 4997 5727 1523 8809 3641 914 9013 2983 7699 
398 5256 2221 4668 2071 6607 4590 6538 3123 8095 2837 6102 6187 4985 7180 4341 7055 4539 200 4035 1979 
399 117 2628 1229 9762 3210 7265 5442 4270 2213 2486 
400 6594 9414 9655 9057 5347 8359 9318 9721 8803 3419 8120 6486 6170 
401 8281 7543 5008 7426 4271 7025 6709 4083 2413 7374 3758 3163 1984 
402 4422 6205 2858 3253 8806 5334 5102 3279 8143 2792 1560 9443 2155 
403 7690 5345 9450 4356 9959 7965 7843 4363 6928 5710 765 8644 9918 6258 3232 
404 1176 458 8627 8562 7371 1243 7208 2269 7412 542 6547 7050 3981 5507 
405 8295 5011 5515 1686 9068 2719 2566 510 856 9050 8195 3172 9903 
406 8471 734 5234 3147 2017 7943 4896 1777 3837 3417 4268 9194 1368 3004 9990 5412 321 
407 
408 1558 7288 3895 9067 5738 6654 6087 5472 9851 9261 6447 3356 4176 6778 5437 2121 7240 
409 
410 2491 7484 7330 1735 7993 6401 5109 2490 7786 1643 302 8074 2165 4901 3936 
411 
412 
413 3523 2140 3538 3306 4189 4870 1303 8683 1430 9268 5984 7006 8844 3111 2630 8183 321 
414 624 2462 8267 5947 4218 7376 7087 8867 8071 3272 4698 4094 4159 8853 6236 2 
415 312 133 9715 3423 10 904 1200 3432 5514 5682 5471 9968 2798 9903 745 7883 
416 1280 5705 7852 4475 5886 7879 5965 5728 541 9181 23 1496 3982 6306 9007 3830 6672 
417 3416 7117 6548 3193 7916 4929 4302 750 2091 245 5064 
418 936 3463 7235 7655 5017 9864 396 4095 5667 4055 3269 9758 5445 1238 650 3830 2327 
419 4088 3158 4825 328 2887 8697 4985 4274 7795 448 5338 5108 2958 8539 5307 6547 
420 442 2189 3791 5414 6191 7028 3960 9827 7631 3889 7183 6153 2643 1750 1668 3077 
421 5155 1632 6221 6511 6340 4528 167 8551 2482 9619 677 3185 9993 4679 8431 
422 8952 4849 8933 6497 6247 2012 9208 904 4257 2530 8116 6650 4624 2052 9731 2240 
423 6665 9196 8272 2795 3126 5737 207 9005 7353 2241 5030 9347 5869 6391 199 7519 
424 3381 7713 3892 3911 5731 3962 2423 8906 4145 3582 5359 5270 2240 
425 4252 84 9247 6196 4280 9028 7329 870 3154 3512 7564 4481 7382 7743 4423 3186 321 
426 3415 5956 7078 675 8741 8430 9526 2998 5081 6611 7664 4569 5326 133 9930 1105 6327 9075 
427 4995 6722 8033 5431 4437 1558 8340 7611 5364 6358 7714 7751 2555 9299 7153 
428 9366 7901 7980 639 5015 8382 7340 6015 1793 6153 7560 7787 8116 7652 
429 1259 4029 2245 7609 7927 8387 6395 3692 8976 8765 155 4527 5326 7992 7652 
430 3525 1183 982 8255 3130 2079 7263 7257 5011 79 9551 135 2986 2 
431 
432 6793 4791 2059 7427 8523 2191 6121 5701 367 6330 5643 7210 6528 4901 
433 5208 7467 3853 2499 7058 8221 4160 8642 1197 9914 6750 1763 4039 8532 6797 7545 3731 3982 1123 3885 4855 2962 
434 7430 652 3739 2078 444 333 210 2338 6447 2870 7078 4195 5846 9159 1546 148 9244 
435 7685 8011 9648 191 5099 847 4558 8400 2749 7917 6600 3753 9265 5869 
436 5365 9798 5933 6345 9440 4170 9056 953 5202 9271 6002 1715 829 2052 2184 9461 4340 
437 7807 8278 9558 2727 5883 6704 7662 8193 4389 7039 3812 6134 5386 5726 
438 7770 7681 5310 2927 1246 712 4984 1893 7212 6923 1643 2037 7851 1830 7978 2990 2212 9842 
439 247 262 9622 2673 9259 6703 3616 7866 8911 2045 439 2863 116 5880 3240 6986 8830 
440 8145 2483 8424 6952 3584 1912 4202 7262 7748 8666 1942 9510 4153 4698 7861 7053 9071 1176 527 6895 2704 8293 
441 4089 2805 9137 144 7155 3662 9610 3056 8515 5186 606 7435 6102 7630 9023 7791 1868 7992 2962 9129 4314 9842 
442 3959 1044 2922 8391 4211 2580 6119 5345 7610 9064 4329 3535 9677 979 2554 2322 8193 9842 8711 
443 3783 7859 4777 9763 9300 2020 1479 9232 608 4005 2275 6677 9244 6613 447 2555 
444 5429 1889 8143 1000 8260 7543 6524 6470 5285 2611 682 3926 8462 1105 5216 6101 9075 
445 6179 1902 9604 947 9516 4747 259 7340 905 7599 9713 8711 
446 4821 55 5795 7522 8457 9611 6866 4026 5505 4177 3950 6765 1538 3316 8910 1763 
447 2464 7970 8747 299 2865 9571 6669 8996 4718 7346 2975 8870 8251 5326 8832 5748 
448 
449 6502 3813 6069 3622 9134 4942 6081 858 8615 9167 1645 2146 8218 2555 7575 5762 
450 6507 1181 6176 9818 8358 9787 4988 8042 1072 7939 5502 3808 4746 2173 1119 325 2383 9040 
451 9148 4891 2872 7976 750 3345 7661 8052 7077 3329 3491 783 
452 2707 3015 5880 6115 5146 7279 2982 3496 8714 6396 2963 3604 5467 4742 1831 4901 8644 2327 
453 4310 395 4386 5856 4511 6102 5940 5943 9351 6221 978 312 6739 6134 7699 
454 
455 
456 7489 9711 9800 4899 6663 1798 9856 2026 6160 5836 9250 6967 6134 5359 6920 8462 6458 2962 
457 9986 7362 9445 267 4071 2450 7255 2324 8215 4241 6195 1464 1375 1353 6327 8491 1984 8043 6467 7997 
458 3324 9930 9094 2754 590 2548 4028 5030 4542 6100 4102 3710 5104 843 7652 
459 5662 7643 5043 8307 4743 5312 3389 1378 5526 8169 5896 3319 634 3860 8025 8700 1984 8209 3074 
460 7775 7883 3018 8728 4766 6958 6276 4076 6730 6079 3106 7216 6163 8307 4437 79 
461 
462 
463 5492 2871 2694 1380 6126 2239 7054 9392 42 9655 2539 3691 8601 6379 8419 5194 1383 5880 1625 321 
464 2500 8806 9690 4039 2519 7715 2661 9579 302 8074 8696 9707 8888 139 
465 
466 9967 8516 5796 9797 3744 2101 8116 8140 3300 3530 3583 9646 3371 9848 
467 3716 9988 1191 9458 8279 1276 3086 9218 1084 632 876 1353 8338 8836 4345 6482 2121 
468 
469 9711 3541 5392 4137 9170 1745 1331 9851 9386 6538 1465 
470 5442 8413 3548 385 1483 710 8172 957 7023 4942 2175 6187 7219 
471 8707 8604 3202 7770 2228 1135 8051 2709 943 3124 5307 6061 1134 6141 
472 3310 530 29 286 5016 8241 1055 6720 7038 1134 8387 2943 4985 1868 8284 
473 3211 27 3122 7073 8018 7697 5040 2977 2939 7632 3543 3830 4765 
474 5277 6144 773 1678 493 1495 712 7719 6492 9303 4866 1470 9099 1091 5488 2422 6054 7699 
475 6076 2225 6213 2703 3041 7391 5360 2351 345 6652 2085 8188 4326 9545 3936 4377 
476 7329 3887 8276 1576 4264 2795 3837 5908 3991 9640 3368 5176 5219 1752 4962 6030 745 
477 4837 2188 4123 6488 4667 436 8678 924 7708 2586 8927 745 3830 9270 9007 
478 5677 8992 9463 2896 5526 1521 8668 2748 8621 2327 3264 9414 1301 3897 369 8994 3753 5715 
479 6880 205 7991 6378 3128 5720 950 3964 1008 6530 1511 440 8228 7068 9265 
480 7362 5433 9521 8810 8710 2926 8105 5035 3440 8005 752 4249 9559 9997 5859 4507 4308 883 6611 3012 4314 4901 
481 
482 2215 4646 9675 6309 6491 964 8430 3968 4665 8005 5185 9199 1625 2704 4340 
483 1047 6691 2953 4561 9953 2519 6915 6168 460 6587 1232 1195 7984 3758 2 1343 79 
484 9522 4045 6457 2572 9675 9595 1233 9691 5385 7623 8418 2873 8043 5758 4343 1984 7949 5412 
485 9274 8831 3404 2998 3461 7494 8067 1788 8379 7926 7135 7410 3184 8722 5437 4967 
486 
487 7627 912 833 1718 3377 3774 6572 9068 7806 2494 1646 9496 9842 
488 3097 136 6065 7218 956 9566 7880 3613 4091 9091 5454 2156 9883 8302 1429 5880 
489 7904 2228 7500 6762 9640 876 7510 4324 6011 1562 7499 7452 1554 4372 8020 5449 7742 5072 
490 
491 
492 2256 1604 4965 419 8918 335 4326 6382 6590 4822 6425 9230 4670 8005 
493 8517 6422 6628 3207 8326 230 4903 8937 9406 8043 6115 3630 6613 321 3012 
494 174 4691 5622 8424 6025 9799 8480 4170 5136 3945 9915 3363 6986 1542 
495 
496 7134 2981 5649 3672 6444 1881 7755 1937 5024 1841 9354 2791 7762 6534 
497 
498 2730 3895 6501 1325 2426 3005 442 8792 6222 1907 2031 1262 9443 155 3320 183 
499 7116 6132 3900 322 1916 4347 7975 4511 2399 6653 4755 7425 935 2043 9742 8495 
