100
0 1457 4308 9851 936 1265 9794 3223 612 8229 8 1775 776 8769 7954 6801 1899 5123 5512 4492 97 8375 8067 4110 3217 7972 8188 1150 573 814 57 5643 8898 8391 7048 4536 7740 8303 258 3536 4176 9884 9046 7721 6162 4023 4884 4509 729 2619 3336 9868 9224 9384 3667 9925 5540 6357 5681 4413 7485 7532 2932 4119 6814 1343 1683 8461 422 7837 1203 7098 3370 5652 5896 1028 2734 9233 603 272 6231 2895 8510 1176 2513 6541 1557 4188 9353 5121 8048 3387 6607 4521 5695 5927 7536 7444 6530 313 4664 1463 8224 9159 3976 3848 4419 3699 352 
1 
2 
3 
4 
5 
6 
7 
8 
9 
10 
11 
12 
13 
14 
15 
16 
17 
18 
19 
20 
21 
22 
23 
24 
25 
26 
27 
28 
29 
30 
31 
32 
33 
34 
35 
36 
37 
38 
39 
40 
41 
42 
43 
44 
45 
46 
47 
48 
49 
50 
51 
52 
53 
54 
55 
56 
57 
58 
59 
60 
61 
62 
63 
64 
65 
66 
67 
68 
69 
70 
71 
72 
73 
74 
75 
76 
77 
78 
79 
80 
81 
82 
83 
84 
85 
86 
87 
88 
89 
90 
91 
92 
93 
94 
95 
96 
97 
98 
99 
