100
0 
1 278 25 1 0 9903 464 58 1403 22 430 178 37 5519 2 323 5361 4 46 364 41 831 5515 1572 5 700 7269 123 3198 14 13 6890 65 240 406 1581 7 9 1089 199 404 485 1290 
2 23 0 16 137 9547 2 1 41 111 3 65 2878 34 6 110 54 1311 9 11 21 180 6359 50 252 74 7702 33 4 29 7 637 19 268 178 17 1495 27 3774 3244 
3 
4 
5 0 439 48 452 262 5 11 3016 9 284 1 202 7574 1846 109 28 4790 582 12 37 1740 8 526 2 3 105 412 20 566 4314 1184 1958 859 
6 
7 38 74 0 11 4848 303 1 6031 119 848 807 4 170 118 30 5429 4752 31 1315 21 41 1590 5222 7 380 15 6 167 51 331 50 3548 485 948 2 398 66 1296 63 176 
8 
9 293 0 123 174 1756 6 9 676 1 95 3 2 938 187 656 99 7 219 2652 88 5641 951 101 2973 19 232 122 52 20 9442 297 6234 55 15 6729 138 
10 1363 4 33 2 26 1390 836 12 2950 6 2628 559 9086 5638 1041 4372 628 13 338 419 505 0 224 169 101 476 544 1 7 28 9 2848 355 468 5926 1737 
11 2 0 24 18 7884 236 50 1 492 5 72 3000 653 349 17 3 7155 3224 34 11 7 6 112 245 90 1621 25 9 8168 201 1807 45 46 316 10 131 120 356 671 
12 61 845 0 288 2 29 1 1378 6571 519 78 2177 1250 383 57 7399 2961 90 10 3955 188 20 4 225 826 521 1476 26 14 6907 7 95 117 166 3379 554 1502 
13 
14 17 1190 71 143 46 0 15 35 231 9 4 34 65 1216 137 233 168 115 355 1861 6979 47 1 3 11 1324 5038 36 710 452 7 3759 33 1126 14 253 8 708 
15 3 0 2065 5 1161 233 8 19 2 14 1489 39 206 9021 43 6 280 123 15 1245 83 329 63 428 323 1 183 6243 2235 156 4182 53 88 57 22 1903 301 9 138 2818 7585 
16 
17 2 8 454 0 7 94 14 186 5893 759 20 3 1 4278 5 1710 346 435 42 3900 19 10 23 665 3274 21 67 7818 34 96 11 285 797 6049 
18 0 18 1687 286 2 3626 95 4 157 10 17 4781 178 56 1 33 1052 465 8703 939 7 242 35 14 362 3 6787 7557 720 356 31 1071 138 
19 
20 26 148 1 1290 15 2979 107 2 62 3 19 247 5154 8 0 39 210 1039 406 214 11 9798 712 137 250 676 280 6 23 7606 516 27 35 935 4 655 206 120 5526 2153 2591 
21 0 412 18 23 9 4 13 168 2025 77 10 85 1148 6 5 109 1304 2546 2160 156 474 8 130 1128 1213 2380 8743 342 6379 9677 15 625 7 28 2848 176 1482 2264 4247 
22 96 0 2 49 40 442 3 11 24 462 205 47 173 4 89 157 22 822 6731 1 5 168 584 230 458 7 933 6 66 2045 28 1310 1290 
23 4 50 1156 26 39 33 0 1042 2 3 5 11 8 1 7 55 1948 35 233 6 17 53 1959 1438 28 19 3324 129 5834 1152 107 1967 152 2579 138 
24 330 186 40 1 62 4 3301 2 1217 0 3 181 21 25 641 4908 29 9 5052 65 15 167 4824 323 5 769 42 75 74 1011 2812 390 725 1412 
25 
26 406 63 3 0 1027 328 1 2 469 9 27 1127 3730 597 278 71 561 4051 92 5 6137 36 21 39 714 24 19 5361 67 99 1388 280 554 138 
27 0 431 12 3 6 5 414 4584 121 45 1 33 2805 9 343 10 35 59 626 52 2 34 246 107 3140 24 124 2889 5830 8 69 2780 
28 
29 
30 
31 5 3618 1530 354 1320 238 0 29 6 3 172 39 5021 5359 4683 53 216 1989 4604 6705 117 2 15 7 1 26 694 143 1088 55 102 27 199 8 69 
32 4 1 2882 5 0 3 861 15 18 3458 272 1150 44 29 55 51 301 105 225 830 148 1865 402 121 37 17 2 9 309 83 67 645 161 7 8 1663 554 900 709 176 
33 66 39 14 2 118 0 4129 7437 289 523 2219 75 20 31 25 16 58 13 85 1 4 337 169 12 11 7 1806 406 5 176 280 309 2848 3097 
34 0 55 89 4104 1 5850 1378 264 550 3 24 1866 2986 101 4685 148 99 70 2 134 8076 4474 3768 4 35 1902 6604 437 2619 4133 9 909 224 329 8 2153 
35 
36 
37 3140 10 322 19 1372 412 0 6755 395 62 2 6 15 18 51 514 866 16 817 594 54 106 1233 363 1 69 4659 57 6130 3 587 7 371 1089 776 1737 3097 
38 
39 1 1251 322 94 3 2 701 189 56 99 13 6 9 2128 0 796 4 118 169 546 21 632 7593 3813 26 7 204 25 750 8 5381 
40 
41 5038 12 1 2 20 71 0 64 1516 52 5737 4 156 50 11 722 3 6538 2344 14 7 9 17 66 554 68 716 39 6 5 2076 1679 900 1173 
42 42 0 7 1108 432 36 19 46 5412 15 9338 422 1 2 3 478 44 6 1460 21 1552 205 4 3617 588 383 315 1694 815 37 38 9517 708 1263 968 
43 
44 
45 1 4211 42 17 278 31 6 7 5999 193 509 462 44 107 131 2 6661 57 279 13 253 26 16 15 671 226 0 4 69 156 1078 112 34 8 424 9 984 3158 1122 554 1502 
46 9 83 0 1502 15 118 9902 4704 1340 412 70 8 2 4 142 1 3 1704 7 788 1805 50 8160 733 24 5 58 1382 22 53 8929 1944 367 98 12 110 410 
47 67 1119 194 4 245 775 8150 0 5990 3 2266 17 23 1072 981 55 344 32 1 28 88 250 236 345 92 26 96 9134 15 37 5 4063 13 2193 9768 21 253 583 2264 
48 33 3684 9 5728 4 2863 0 366 55 25 218 28 2 1 3 27 6 3692 124 96 74 4821 79 7 5 1371 11 103 35 248 2825 8616 1260 2920 300 19 8 138 
49 8973 272 3 419 2 297 23 1959 88 19 0 28 118 123 646 42 29 6137 14 108 9957 64 1 35 51 7718 235 4 3236 24 8 11 1752 7970 138 
50 
51 0 1 9234 28 33 4 2 8783 9 213 6 23 4705 597 788 4606 288 78 966 14 13 22 2410 63 200 7 508 21 45 1728 17 159 24 725 334 1989 2420 27 2818 9365 
52 
53 6 0 11 21 114 19 22 12 3038 4 1 100 1434 62 17 18 171 5 13 2 161 2135 724 2052 8512 15 187 9 243 2218 8629 251 23 136 3 2262 1428 8 236 
54 
55 460 1137 0 3 163 53 2 115 19 1 3425 8345 10 543 11 15 377 57 14 8 5 9 2710 2456 173 2105 64 747 13 18 4482 6 126 6887 1263 1502 3244 
56 32 0 16 1 23 391 11 3 108 2 19 112 4 2431 18 2282 1913 2051 179 8114 50 44 799 6348 3796 34 7 8702 1697 35 8 5 5566 1591 22 62 9 632 3756 2264 1502 
57 7 11 0 1 456 82 2883 21 25 2458 268 3 2 16 4859 5724 619 10 2683 1595 1706 136 83 69 9566 53 20 116 2062 8 372 14 63 28 3975 1572 
58 
59 
60 
61 
62 356 11 662 14 64 495 107 2 1841 16 32 3 770 1 23 17 6 4 0 5 87 919 62 1373 5672 118 27 454 43 75 90 1169 29 587 1117 583 1187 69 7624 1310 
63 0 2 2178 4 1283 115 188 7820 5127 57 34 56 3 660 5 3100 135 6 3249 425 8 409 9 24 2158 5063 307 1 227 15 21 6549 1397 1554 14 285 138 709 900 
64 0 2 34 352 56 4 282 987 32 299 2145 3 29 10 79 310 565 229 3940 86 373 1 81 6 356 52 5055 89 49 1283 3032 9305 1737 
65 
66 5973 2 51 4872 0 14 5915 1282 133 5 4180 7325 4673 300 12 3 97 103 4019 70 662 236 9 42 774 1 252 669 158 36 795 53 33 211 1272 3477 138 
67 25 0 39 2132 21 1863 14 38 28 1 15 779 1843 68 157 1623 1956 375 19 4 2195 18 3 7 891 229 2706 3689 519 2 5 129 511 36 7687 27 3389 1290 3975 
68 9 8733 68 244 433 11 0 81 4 4138 5350 2 3 21 207 33 161 1130 10 12 1593 651 2657 75 173 197 134 18 499 7 28 273 19 1888 554 
69 
70 
71 2684 0 67 1 41 1389 350 5020 84 391 37 5 1099 143 3 11 29 2212 2 180 448 9357 153 4 6438 6 197 360 437 9 158 268 2591 968 1671 
72 
73 
74 2385 0 22 264 258 612 142 12 3 8365 21 1 4 2 19 234 435 625 517 3502 13 64 1210 1401 58 40 621 418 1332 659 184 16 992 275 9295 36 148 1979 6450 126 
75 762 6 141 4 0 1593 1 1499 11 10 5 33 73 1883 427 1119 3 388 62 1279 2 358 109 8 9 17 8180 28 58 276 57 63 47 245 3561 977 1482 1671 
76 0 43 2 39 3 10 3228 16 27 455 5 22 103 128 245 11 3279 48 17 47 1 8 35 556 6 34 45 108 129 305 6288 155 869 2060 8095 900 867 
77 
78 
79 
80 609 99 0 5 2 11 4680 46 1 10 71 6 380 3 15 1232 115 37 5479 109 17 8 382 224 3528 23 57 1866 16 197 95 172 2060 968 6337 
81 8 2 19 56 0 3430 3252 5 4 103 93 129 1361 38 37 119 200 5170 15 28 131 3 652 12 94 1 1079 41 44 4386 7 715 65 662 152 27 138 554 
82 14 8 1 0 21 1759 2 16 9711 6 1606 7 12 3 1937 4 337 32 59 37 5472 94 641 502 839 271 24 1424 60 61 1671 355 9 155 138 120 6656 3097 
83 89 6 1857 0 2 4046 1 279 21 349 150 25 13 6607 1483 593 54 3 56 42 155 66 6158 73 4 126 1574 1141 1084 5 301 343 2433 14 859 1482 3244 2780 
84 40 4 15 42 12 0 386 26 9375 9 256 39 9890 16 111 8 1 2 86 47 20 32 36 1963 163 43 143 1158 176 138 621 6049 
85 
86 0 500 2051 33 2221 98 238 5 21 2 4 3 1757 227 23 10 7 77 218 351 1896 11 2987 1121 9041 1318 96 13 79 1340 485 9514 
87 
88 47 0 3 2 26 1583 21 45 4 117 5 100 6025 3915 1 12 672 7777 1503 42 17 29 19 24 68 8 169 1591 796 5778 92 38 869 1263 
89 
90 6 1 3223 5 15 28 3 1071 0 7 21 6160 10 4479 8 2209 1808 76 1828 655 141 229 3814 2 158 11 155 238 25 8461 1110 1776 4329 452 7266 3977 720 4171 9054 3457 1384 554 
91 4 71 17 25 1 9 0 253 3208 22 145 2 2424 338 100 16 47 44 177 1804 1927 3794 46 34 8 378 13 1119 161 193 426 61 139 1016 3244 176 
92 585 40 1054 0 68 2 4630 8 2360 5 25 20 14 4 121 3 475 1 41 7 21 141 50 399 73 30 8444 364 71 24 8948 715 3676 549 
93 
94 
95 
96 
97 670 31 4 34 0 9 14 99 519 1478 3 658 413 212 1258 13 6 61 2 1992 1002 960 1 278 358 1938 411 5 168 249 4301 6102 4142 5381 
98 205 1487 106 46 1 42 40 0 179 43 410 5 23 9 157 26 1658 175 2 8 13 5748 6400 556 56 5645 6201 1636 17 52 27 236 3097 
99 7 1966 8 116 0 2498 15 9 14 75 1209 933 37 1 2 168 7497 3881 117 5197 97 303 41 4 21 27 5 2478 5863 3 599 4552 23 199 13 16 362 19 8044 155 1756 3110 138 6402 
